{
  "refseqgene.7.genomic.gbff.gz": [
    [
      "213 20171219175458", 
      "171221113020", 
      "ncbi_gene.py"
    ], 
    [
      "213 20180123180121", 
      "180124181151", 
      "ncbi_gene.pyc"
    ]
  ], 
  "refseqgene.15.genomic.gbff.gz": [
    [
      "213 20171219175447", 
      "171221113020", 
      "ncbi_gene.py"
    ], 
    [
      "213 20180123180048", 
      "180124181151", 
      "ncbi_gene.pyc"
    ]
  ], 
  "refseqgene.13.genomic.gbff.gz": [
    [
      "213 20171219175454", 
      "171221113020", 
      "ncbi_gene.py"
    ], 
    [
      "213 20180123180111", 
      "180124181151", 
      "ncbi_gene.pyc"
    ]
  ], 
  "refseqgene.20.genomic.gbff.gz": [
    [
      "213 20171219175438", 
      "171221113020", 
      "ncbi_gene.py"
    ], 
    [
      "213 20180123180100", 
      "180124181151", 
      "ncbi_gene.pyc"
    ]
  ], 
  "PRJNA270632_GRCh38.p7_108_expression.xml.gz": [
    [
      "213 20170306225312", 
      "171124124057", 
      "ncbi_gene.py"
    ]
  ], 
  "PRJEB2445_GRCh38.p2_107_expression.xml.gz": [
    [
      "213 20170306225310", 
      "171124124057", 
      "ncbi_gene.py"
    ]
  ], 
  "refseqgene.5.genomic.gbff.gz": [
    [
      "213 20171219175446", 
      "171221113020", 
      "ncbi_gene.py"
    ], 
    [
      "213 20180123180118", 
      "180124181151", 
      "ncbi_gene.pyc"
    ]
  ], 
  "refseqgene.2.genomic.gbff.gz": [
    [
      "213 20171219175443", 
      "171221113020", 
      "ncbi_gene.py"
    ], 
    [
      "213 20180123180104", 
      "180124181151", 
      "ncbi_gene.pyc"
    ]
  ], 
  "refseqgene.6.genomic.gbff.gz": [
    [
      "213 20171219175431", 
      "171221113020", 
      "ncbi_gene.py"
    ], 
    [
      "213 20180123180053", 
      "180124181151", 
      "ncbi_gene.pyc"
    ]
  ], 
  "refseqgene.1.genomic.gbff.gz": [
    [
      "213 20171219175429", 
      "171221113020", 
      "ncbi_gene.py"
    ], 
    [
      "213 20180123180117", 
      "180124181151", 
      "ncbi_gene.pyc"
    ]
  ], 
  "refseqgene.8.genomic.gbff.gz": [
    [
      "213 20171219175452", 
      "171221113020", 
      "ncbi_gene.py"
    ], 
    [
      "213 20180123180105", 
      "180124181151", 
      "ncbi_gene.pyc"
    ]
  ], 
  "PRJNA280600_GRCh38.p7_108_expression.xml.gz": [
    [
      "213 20170306225313", 
      "171124124057", 
      "ncbi_gene.py"
    ]
  ], 
  "refseqgene.19.genomic.gbff.gz": [
    [
      "213 20171219175436", 
      "171221113020", 
      "ncbi_gene.py"
    ], 
    [
      "213 20180123180109", 
      "180124181151", 
      "ncbi_gene.pyc"
    ]
  ], 
  "gene_group.gz": [
    [
      "213 20171123033640", 
      "171124124057", 
      "ncbi_gene.py"
    ], 
    [
      "213 20180121233643", 
      "180122125403", 
      "ncbi_gene.py"
    ], 
    [
      "213 20180124040608", 
      "180124181151", 
      "ncbi_gene.pyc"
    ]
  ], 
  "refseqgene.4.genomic.gbff.gz": [
    [
      "213 20171219175434", 
      "171221113020", 
      "ncbi_gene.py"
    ], 
    [
      "213 20180123180054", 
      "180124181151", 
      "ncbi_gene.pyc"
    ]
  ], 
  "refseqgene.18.genomic.gbff.gz": [
    [
      "213 20171219175435", 
      "171221113020", 
      "ncbi_gene.py"
    ], 
    [
      "213 20180123180059", 
      "180124181151", 
      "ncbi_gene.pyc"
    ]
  ], 
  "refseqgene.12.genomic.gbff.gz": [
    [
      "213 20171219175450", 
      "171221113020", 
      "ncbi_gene.py"
    ], 
    [
      "213 20180123180112", 
      "180124181151", 
      "ncbi_gene.pyc"
    ]
  ], 
  "refseqgene.3.genomic.gbff.gz": [
    [
      "213 20171219175457", 
      "171221113020", 
      "ncbi_gene.py"
    ], 
    [
      "213 20180123180123", 
      "180124181151", 
      "ncbi_gene.pyc"
    ]
  ], 
  "PRJEB4337_GRCh38.p7_108_expression.xml.gz": [
    [
      "213 20170306225311", 
      "171124124057", 
      "ncbi_gene.py"
    ]
  ], 
  "gene2refseq.gz": [
    [
      "213 20171221035848", 
      "171221134426", 
      "ncbi_gene.py"
    ], 
    [
      "213 20180121233932", 
      "180122125403", 
      "ncbi_gene.py"
    ], 
    [
      "213 20180124040948", 
      "180124181151", 
      "ncbi_gene.pyc"
    ]
  ], 
  "gene_info.gz": [
    [
      "213 20171123034231", 
      "171124124057", 
      "ncbi_gene.py"
    ], 
    [
      "213 20180121234219", 
      "180122125403", 
      "ncbi_gene.py"
    ], 
    [
      "213 20180124041143", 
      "180124181151", 
      "ncbi_gene.pyc"
    ]
  ], 
  "refseqgene.14.genomic.gbff.gz": [
    [
      "213 20171219175449", 
      "171221113020", 
      "ncbi_gene.py"
    ], 
    [
      "213 20180123180120", 
      "180124181151", 
      "ncbi_gene.pyc"
    ]
  ], 
  "refseqgene.17.genomic.gbff.gz": [
    [
      "213 20171219175433", 
      "171221113020", 
      "ncbi_gene.py"
    ], 
    [
      "213 20180123180101", 
      "180124181151", 
      "ncbi_gene.pyc"
    ]
  ], 
  "refseqgene.16.genomic.gbff.gz": [
    [
      "213 20171219175455", 
      "171221113020", 
      "ncbi_gene.py"
    ], 
    [
      "213 20180123180106", 
      "180124181151", 
      "ncbi_gene.pyc"
    ]
  ], 
  "refseqgene.22.genomic.gbff.gz": [
    [
      "213 20171219175440", 
      "171221113020", 
      "ncbi_gene.py"
    ]
  ], 
  "gene_neighbors.gz": [
    [
      "213 20171123043436", 
      "171124124057", 
      "ncbi_gene.py"
    ], 
    [
      "213 20180122003814", 
      "180122125403", 
      "ncbi_gene.py"
    ], 
    [
      "213 20180124050240", 
      "180124181151", 
      "ncbi_gene.pyc"
    ]
  ], 
  "refseqgene.9.genomic.gbff.gz": [
    [
      "213 20171219175442", 
      "171221113020", 
      "ncbi_gene.py"
    ], 
    [
      "213 20180123180050", 
      "180124181151", 
      "ncbi_gene.pyc"
    ]
  ], 
  "refseqgene.11.genomic.gbff.gz": [
    [
      "213 20171219175503", 
      "171221113020", 
      "ncbi_gene.py"
    ], 
    [
      "213 20180123180057", 
      "180124181151", 
      "ncbi_gene.pyc"
    ]
  ], 
  "refseqgene.21.genomic.gbff.gz": [
    [
      "213 20171219175444", 
      "171221113020", 
      "ncbi_gene.py"
    ], 
    [
      "213 20180123180051", 
      "180124181151", 
      "ncbi_gene.pyc"
    ]
  ], 
  "gene2pubmed.gz": [
    [
      "213 20171123035148", 
      "171124124057", 
      "ncbi_gene.py"
    ], 
    [
      "213 20180121235014", 
      "180122125403", 
      "ncbi_gene.py"
    ], 
    [
      "213 20180124041945", 
      "180124181151", 
      "ncbi_gene.pyc"
    ]
  ], 
  "refseqgene.10.genomic.gbff.gz": [
    [
      "213 20171219175500", 
      "171221113020", 
      "ncbi_gene.py"
    ], 
    [
      "213 20180123180102", 
      "180124181151", 
      "ncbi_gene.pyc"
    ]
  ]
}